0 info it worked if it ends with ok
1 verbose cli [ '/usr/bin/nodejs',
1 verbose cli   '/usr/bin/npm',
1 verbose cli   'install',
1 verbose cli   'git:',
1 verbose cli   'https://github.com/Streamedian/html5_rtsp_player.git' ]
2 info using npm@3.5.2
3 info using node@v4.2.6
4 silly loadCurrentTree Starting
5 silly install loadCurrentTree
6 silly install readLocalPackageData
7 silly fetchPackageMetaData git:
8 silly fetchPackageMetaData https://github.com/Streamedian/html5_rtsp_player.git
9 silly fetchOtherPackageData git:
10 silly cache add args [ 'git:', null ]
11 verbose cache add spec git:
12 silly fetchOtherPackageData https://github.com/Streamedian/html5_rtsp_player.git
13 silly cache add args [ 'https://github.com/Streamedian/html5_rtsp_player.git', null ]
14 verbose cache add spec https://github.com/Streamedian/html5_rtsp_player.git
15 silly cache add parsed spec Result {
15 silly cache add   raw: 'git:',
15 silly cache add   scope: null,
15 silly cache add   name: null,
15 silly cache add   rawSpec: 'git:',
15 silly cache add   spec: 'git:',
15 silly cache add   type: 'git' }
16 verbose addRemoteGit caching git:
17 silly tryClone cloning git: via git:
18 verbose tryClone git--9dfedb70 not in flight; caching
19 silly cache add parsed spec Result {
19 silly cache add   raw: 'https://github.com/Streamedian/html5_rtsp_player.git',
19 silly cache add   scope: null,
19 silly cache add   name: null,
19 silly cache add   rawSpec: 'https://github.com/Streamedian/html5_rtsp_player.git',
19 silly cache add   spec: 'git+https://github.com/Streamedian/html5_rtsp_player.git',
19 silly cache add   type: 'hosted',
19 silly cache add   hosted:
19 silly cache add    { type: 'github',
19 silly cache add      ssh: 'git@github.com:Streamedian/html5_rtsp_player.git',
19 silly cache add      sshUrl: 'git+ssh://git@github.com/Streamedian/html5_rtsp_player.git',
19 silly cache add      httpsUrl: 'git+https://github.com/Streamedian/html5_rtsp_player.git',
19 silly cache add      gitUrl: 'git://github.com/Streamedian/html5_rtsp_player.git',
19 silly cache add      shortcut: 'github:Streamedian/html5_rtsp_player',
19 silly cache add      directUrl: 'https://raw.githubusercontent.com/Streamedian/html5_rtsp_player/master/package.json' } }
20 verbose addRemoteGit caching https://github.com/Streamedian/html5_rtsp_player.git
21 verbose addRemoteGit git+https://github.com/Streamedian/html5_rtsp_player.git is a repository hosted by github
22 silly tryClone cloning git+https://github.com/Streamedian/html5_rtsp_player.git via git+https://github.com/Streamedian/html5_rtsp_player.git
23 verbose tryClone git-https-github-com-Streamedian-html5-rtsp-player-git-43403e5f not in flight; caching
24 info git [ 'config', '--get', 'remote.origin.url' ]
25 info git [ 'clone',
25 info git   '--template=/root/.npm/_git-remotes/_templates',
25 info git   '--mirror',
25 info git   'git:',
25 info git   '/root/.npm/_git-remotes/git--9dfedb70' ]
26 silly validateExistingRemote git+https://github.com/Streamedian/html5_rtsp_player.git remote.origin.url: https://github.com/Streamedian/html5_rtsp_player.git
27 verbose validateExistingRemote git+https://github.com/Streamedian/html5_rtsp_player.git is updating existing cached remote /root/.npm/_git-remotes/git-https-github-com-Streamedian-html5-rtsp-player-git-43403e5f
28 info git [ 'fetch', '-a', 'origin' ]
29 error git clone --template=/root/.npm/_git-remotes/_templates --mirror git: /root/.npm/_git-remotes/git--9dfedb70: Cloning into bare repository '/root/.npm/_git-remotes/git--9dfedb70'...
29 error git clone --template=/root/.npm/_git-remotes/_templates --mirror git: /root/.npm/_git-remotes/git--9dfedb70: ssh: Could not resolve hostname git: Name or service not known
29 error git clone --template=/root/.npm/_git-remotes/_templates --mirror git: /root/.npm/_git-remotes/git--9dfedb70: fatal: Could not read from remote repository.
29 error git clone --template=/root/.npm/_git-remotes/_templates --mirror git: /root/.npm/_git-remotes/git--9dfedb70:
29 error git clone --template=/root/.npm/_git-remotes/_templates --mirror git: /root/.npm/_git-remotes/git--9dfedb70: Please make sure you have the correct access rights
29 error git clone --template=/root/.npm/_git-remotes/_templates --mirror git: /root/.npm/_git-remotes/git--9dfedb70: and the repository exists.
30 silly fetchPackageMetaData Error: Command failed: git clone --template=/root/.npm/_git-remotes/_templates --mirror git: /root/.npm/_git-remotes/git--9dfedb70
30 silly fetchPackageMetaData Cloning into bare repository '/root/.npm/_git-remotes/git--9dfedb70'...
30 silly fetchPackageMetaData ssh: Could not resolve hostname git: Name or service not known
30 silly fetchPackageMetaData fatal: Could not read from remote repository.
30 silly fetchPackageMetaData
30 silly fetchPackageMetaData Please make sure you have the correct access rights
30 silly fetchPackageMetaData and the repository exists.
30 silly fetchPackageMetaData
30 silly fetchPackageMetaData     at ChildProcess.exithandler (child_process.js:213:12)
30 silly fetchPackageMetaData     at emitTwo (events.js:87:13)
30 silly fetchPackageMetaData     at ChildProcess.emit (events.js:172:7)
30 silly fetchPackageMetaData     at maybeClose (internal/child_process.js:821:16)
30 silly fetchPackageMetaData     at Socket.<anonymous> (internal/child_process.js:319:11)
30 silly fetchPackageMetaData     at emitOne (events.js:77:13)
30 silly fetchPackageMetaData     at Socket.emit (events.js:169:7)
30 silly fetchPackageMetaData     at Pipe._onclose (net.js:469:12)
30 silly fetchPackageMetaData  error for git: { [Error: Command failed: git clone --template=/root/.npm/_git-remotes/_templates --mirror git: /root/.npm/_git-remotes/git--9dfedb70
30 silly fetchPackageMetaData Cloning into bare repository '/root/.npm/_git-remotes/git--9dfedb70'...
30 silly fetchPackageMetaData ssh: Could not resolve hostname git: Name or service not known
30 silly fetchPackageMetaData fatal: Could not read from remote repository.
30 silly fetchPackageMetaData
30 silly fetchPackageMetaData Please make sure you have the correct access rights
30 silly fetchPackageMetaData and the repository exists.
30 silly fetchPackageMetaData ]
30 silly fetchPackageMetaData   killed: false,
30 silly fetchPackageMetaData   code: 128,
30 silly fetchPackageMetaData   signal: null,
30 silly fetchPackageMetaData   cmd: 'git clone --template=/root/.npm/_git-remotes/_templates --mirror git: /root/.npm/_git-remotes/git--9dfedb70' }
31 verbose updateRemote git fetch -a origin (https://github.com/Streamedian/html5_rtsp_player.git)
32 verbose setPermissions git+https://github.com/Streamedian/html5_rtsp_player.git set permissions on /root/.npm/_git-remotes/git-https-github-com-Streamedian-html5-rtsp-player-git-43403e5f
33 verbose resolveHead git+https://github.com/Streamedian/html5_rtsp_player.git original treeish: master
34 info git [ 'rev-list', '-n1', 'master' ]
35 silly resolveHead git+https://github.com/Streamedian/html5_rtsp_player.git resolved treeish: 68ac0a3d7df23a98da8de4b307c12bb62d27b97a
36 verbose resolveHead git+https://github.com/Streamedian/html5_rtsp_player.git resolved Git URL: git+https://github.com/Streamedian/html5_rtsp_player.git#68ac0a3d7df23a98da8de4b307c12bb62d27b97a
37 silly resolveHead Git working directory: /tmp/npm-31153-c4911a18/git-cache-2d13ad2d/68ac0a3d7df23a98da8de4b307c12bb62d27b97a
38 info git [ 'clone',
38 info git   '/root/.npm/_git-remotes/git-https-github-com-Streamedian-html5-rtsp-player-git-43403e5f',
38 info git   '/tmp/npm-31153-c4911a18/git-cache-2d13ad2d/68ac0a3d7df23a98da8de4b307c12bb62d27b97a' ]
39 verbose cloneResolved git+https://github.com/Streamedian/html5_rtsp_player.git clone Clonar en «/tmp/npm-31153-c4911a18/git-cache-2d13ad2d/68ac0a3d7df23a98da8de4b307c12bb62d27b97a»...
39 verbose cloneResolved hecho.
40 info git [ 'checkout', '68ac0a3d7df23a98da8de4b307c12bb62d27b97a' ]
41 verbose checkoutTreeish git+https://github.com/Streamedian/html5_rtsp_player.git checkout Note: checking out '68ac0a3d7df23a98da8de4b307c12bb62d27b97a'.
41 verbose checkoutTreeish
41 verbose checkoutTreeish You are in 'detached HEAD' state. You can look around, make experimental
41 verbose checkoutTreeish changes and commit them, and you can discard any commits you make in this
41 verbose checkoutTreeish state without impacting any branches by performing another checkout.
41 verbose checkoutTreeish
41 verbose checkoutTreeish If you want to create a new branch to retain commits you create, you may
41 verbose checkoutTreeish do so (now or later) by using -b with the checkout command again. Example:
41 verbose checkoutTreeish
41 verbose checkoutTreeish   git checkout -b <new-branch-name>
41 verbose checkoutTreeish
41 verbose checkoutTreeish HEAD se encuentra en 68ac0a3... Merge pull request #75 from gaetancollaud/feature/rtsp_session
42 verbose addLocalDirectory /root/.npm/streamedian/0.3.13/package.tgz not in flight; packing
43 verbose tar pack [ '/root/.npm/streamedian/0.3.13/package.tgz',
43 verbose tar pack   '/tmp/npm-31153-c4911a18/git-cache-2d13ad2d/68ac0a3d7df23a98da8de4b307c12bb62d27b97a' ]
44 verbose tarball /root/.npm/streamedian/0.3.13/package.tgz
45 verbose folder /tmp/npm-31153-c4911a18/git-cache-2d13ad2d/68ac0a3d7df23a98da8de4b307c12bb62d27b97a
46 verbose addLocalTarball adding from inside cache /root/.npm/streamedian/0.3.13/package.tgz
47 verbose addRemoteGit data._from: git+https://github.com/Streamedian/html5_rtsp_player.git
48 verbose addRemoteGit data._resolved: git+https://github.com/Streamedian/html5_rtsp_player.git#68ac0a3d7df23a98da8de4b307c12bb62d27b97a
49 silly cache afterAdd streamedian@0.3.13
50 verbose afterAdd /root/.npm/streamedian/0.3.13/package/package.json not in flight; writing
51 verbose afterAdd /root/.npm/streamedian/0.3.13/package/package.json written
52 silly rollbackFailedOptional Starting
53 silly rollbackFailedOptional Finishing
54 silly runTopLevelLifecycles Starting
55 silly runTopLevelLifecycles Finishing
56 silly install printInstalled
57 verbose stack Error: Command failed: git clone --template=/root/.npm/_git-remotes/_templates --mirror git: /root/.npm/_git-remotes/git--9dfedb70
57 verbose stack Cloning into bare repository '/root/.npm/_git-remotes/git--9dfedb70'...
57 verbose stack ssh: Could not resolve hostname git: Name or service not known
57 verbose stack fatal: Could not read from remote repository.
57 verbose stack
57 verbose stack Please make sure you have the correct access rights
57 verbose stack and the repository exists.
57 verbose stack
57 verbose stack     at ChildProcess.exithandler (child_process.js:213:12)
57 verbose stack     at emitTwo (events.js:87:13)
57 verbose stack     at ChildProcess.emit (events.js:172:7)
57 verbose stack     at maybeClose (internal/child_process.js:821:16)
57 verbose stack     at Socket.<anonymous> (internal/child_process.js:319:11)
57 verbose stack     at emitOne (events.js:77:13)
57 verbose stack     at Socket.emit (events.js:169:7)
57 verbose stack     at Pipe._onclose (net.js:469:12)
58 verbose cwd /var/www/html/prueba
59 error Linux 4.13.0-38-generic
60 error argv "/usr/bin/nodejs" "/usr/bin/npm" "install" "git:" "https://github.com/Streamedian/html5_rtsp_player.git"
61 error node v4.2.6
62 error npm  v3.5.2
63 error code 128
64 error Command failed: git clone --template=/root/.npm/_git-remotes/_templates --mirror git: /root/.npm/_git-remotes/git--9dfedb70
64 error Cloning into bare repository '/root/.npm/_git-remotes/git--9dfedb70'...
64 error ssh: Could not resolve hostname git: Name or service not known
64 error fatal: Could not read from remote repository.
64 error
64 error Please make sure you have the correct access rights
64 error and the repository exists.
65 error If you need help, you may report this error at:
65 error     <https://github.com/npm/npm/issues>
66 verbose exit [ 1, true ]
